<?xml version="1.0" encoding="UTF-8"?>
<testsuite name="everyday.Solution443Test" tests="4" skipped="0" failures="0" errors="0" timestamp="2021-08-21T08:43:08" hostname="LAPTOP-H5I0MSQN" time="0.022">
  <properties/>
  <testcase name="test1()" classname="everyday.Solution443Test" time="0.018"/>
  <testcase name="test2()" classname="everyday.Solution443Test" time="0.0"/>
  <testcase name="test3()" classname="everyday.Solution443Test" time="0.001"/>
  <testcase name="test4()" classname="everyday.Solution443Test" time="0.001"/>
  <system-out><![CDATA[]]></system-out>
  <system-err><![CDATA[]]></system-err>
</testsuite>
